<?xml version="1.0" encoding="UTF-8" ?>
<testsuite tests="11" failures="0" name="de.jscholz.jminesweeper.minesweeper.MinefieldValidPositionTest" time="0" errors="0" skipped="0">
  <properties>
[...]
</properties>
  <testcase classname="de.jscholz.jminesweeper.minesweeper.MinefieldValidPositionTest" name="neighbourTest[0: testAdd(de.jscholz.jminesweeper.minesweeper.Minefield@52d455b8+[x: 0, y: 0]) = true]" time="0"/>
  <testcase classname="de.jscholz.jminesweeper.minesweeper.MinefieldValidPositionTest" name="neighbourTest[1: testAdd(de.jscholz.jminesweeper.minesweeper.Minefield@4f4a7090+[x: 7, y: 0]) = true]" time="0"/>
  <testcase classname="de.jscholz.jminesweeper.minesweeper.MinefieldValidPositionTest" name="neighbourTest[2: testAdd(de.jscholz.jminesweeper.minesweeper.Minefield@18ef96+[x: 0, y: 7]) = true]" time="0"/>
  <testcase classname="de.jscholz.jminesweeper.minesweeper.MinefieldValidPositionTest" name="neighbourTest[3: testAdd(de.jscholz.jminesweeper.minesweeper.Minefield@6956de9+[x: 7, y: 7]) = true]" time="0"/>
  <testcase classname="de.jscholz.jminesweeper.minesweeper.MinefieldValidPositionTest" name="neighbourTest[4: testAdd(de.jscholz.jminesweeper.minesweeper.Minefield@769c9116+[x: -1, y: 0]) = false]" time="0"/>
  <testcase classname="de.jscholz.jminesweeper.minesweeper.MinefieldValidPositionTest" name="neighbourTest[5: testAdd(de.jscholz.jminesweeper.minesweeper.Minefield@6aceb1a5+[x: 8, y: 0]) = false]" time="0"/>
  <testcase classname="de.jscholz.jminesweeper.minesweeper.MinefieldValidPositionTest" name="neighbourTest[6: testAdd(de.jscholz.jminesweeper.minesweeper.Minefield@2d6d8735+[x: 0, y: -1]) = false]" time="0"/>
  <testcase classname="de.jscholz.jminesweeper.minesweeper.MinefieldValidPositionTest" name="neighbourTest[7: testAdd(de.jscholz.jminesweeper.minesweeper.Minefield@ba4d54+[x: 0, y: 8]) = false]" time="0"/>
  <testcase classname="de.jscholz.jminesweeper.minesweeper.MinefieldValidPositionTest" name="neighbourTest[8: testAdd(de.jscholz.jminesweeper.minesweeper.Minefield@12bc6874+[x: -1, y: -1]) = false]" time="0"/>
  <testcase classname="de.jscholz.jminesweeper.minesweeper.MinefieldValidPositionTest" name="neighbourTest[9: testAdd(de.jscholz.jminesweeper.minesweeper.Minefield@de0a01f+[x: 8, y: 8]) = false]" time="0"/>
  <testcase classname="de.jscholz.jminesweeper.minesweeper.MinefieldValidPositionTest" name="neighbourTest[10: testAdd(de.jscholz.jminesweeper.minesweeper.Minefield@4c75cab9+null) = false]" time="0"/>
</testsuite>