<?xml version="1.0" encoding="UTF-8" ?>
<testsuite tests="16" failures="0" name="de.jscholz.jminesweeper.minesweeper.GameCreatorTest" time="0" errors="0" skipped="0">
  <properties>
[...]
</properties>
  <testcase classname="de.jscholz.jminesweeper.minesweeper.GameCreatorTest" name="createTest[0: testAdd(de.jscholz.jminesweeper.minesweeper.Minefield@43a25848+10) = 8]" time="0"/>
  <testcase classname="de.jscholz.jminesweeper.minesweeper.GameCreatorTest" name="createTest[1: testAdd(de.jscholz.jminesweeper.minesweeper.Minefield@3ac3fd8b+40) = 16]" time="0"/>
  <testcase classname="de.jscholz.jminesweeper.minesweeper.GameCreatorTest" name="createTest[2: testAdd(de.jscholz.jminesweeper.minesweeper.Minefield@5594a1b5+100) = 30]" time="0"/>
  <testcase classname="de.jscholz.jminesweeper.minesweeper.GameCreatorTest" name="createTest[3: testAdd(de.jscholz.jminesweeper.minesweeper.Minefield@6a5fc7f7+10) = 8]" time="0"/>
  <testcase classname="de.jscholz.jminesweeper.minesweeper.GameCreatorTest" name="createTest[4: testAdd(de.jscholz.jminesweeper.minesweeper.Minefield@3b6eb2ec+10) = 8]" time="0"/>
  <testcase classname="de.jscholz.jminesweeper.minesweeper.GameCreatorTest" name="createTest[5: testAdd(de.jscholz.jminesweeper.minesweeper.Minefield@1e643faf+10) = 8]" time="0"/>
  <testcase classname="de.jscholz.jminesweeper.minesweeper.GameCreatorTest" name="createTest[6: testAdd(de.jscholz.jminesweeper.minesweeper.Minefield@6e8dacdf+10) = 8]" time="0"/>
  <testcase classname="de.jscholz.jminesweeper.minesweeper.GameCreatorTest" name="createTest[7: testAdd(de.jscholz.jminesweeper.minesweeper.Minefield@7a79be86+10) = 8]" time="0"/>
  <testcase classname="de.jscholz.jminesweeper.minesweeper.GameCreatorTest" name="createTest[8: testAdd(de.jscholz.jminesweeper.minesweeper.Minefield@34ce8af7+10) = 8]" time="0"/>
  <testcase classname="de.jscholz.jminesweeper.minesweeper.GameCreatorTest" name="createTest[9: testAdd(de.jscholz.jminesweeper.minesweeper.Minefield@b684286+10) = 8]" time="0"/>
  <testcase classname="de.jscholz.jminesweeper.minesweeper.GameCreatorTest" name="createTest[10: testAdd(de.jscholz.jminesweeper.minesweeper.Minefield@880ec60+10) = 8]" time="0"/>
  <testcase classname="de.jscholz.jminesweeper.minesweeper.GameCreatorTest" name="createTest[11: testAdd(de.jscholz.jminesweeper.minesweeper.Minefield@3f3afe78+669) = 30]" time="0"/>
  <testcase classname="de.jscholz.jminesweeper.minesweeper.GameCreatorTest" name="createTest[12: testAdd(de.jscholz.jminesweeper.minesweeper.Minefield@7f63425a+669) = 30]" time="0"/>
  <testcase classname="de.jscholz.jminesweeper.minesweeper.GameCreatorTest" name="createTest[13: testAdd(de.jscholz.jminesweeper.minesweeper.Minefield@36d64342+669) = 30]" time="0"/>
  <testcase classname="de.jscholz.jminesweeper.minesweeper.GameCreatorTest" name="createTest[14: testAdd(de.jscholz.jminesweeper.minesweeper.Minefield@39ba5a14+669) = 30]" time="0"/>
  <testcase classname="de.jscholz.jminesweeper.minesweeper.GameCreatorTest" name="createTest[15: testAdd(de.jscholz.jminesweeper.minesweeper.Minefield@511baa65+669) = 30]" time="0"/>
</testsuite>